#
# There is insufficient memory for the Java Runtime Environment to continue.
# Native memory allocation (malloc) failed to allocate 970496 bytes for Chunk::new
# Possible reasons:
#   The system is out of physical RAM or swap space
#   In 32 bit mode, the process size limit was hit
# Possible solutions:
#   Reduce memory load on the system
#   Increase physical memory or swap space
#   Check if swap backing store is full
#   Use 64 bit Java on a 64 bit OS
#   Decrease Java heap size (-Xmx/-Xms)
#   Decrease number of Java threads
#   Decrease Java thread stack sizes (-Xss)
#   Set larger code cache with -XX:ReservedCodeCacheSize=
# This output file may be truncated or incomplete.
#
#  Out of Memory Error (allocation.cpp:390), pid=13772, tid=0x00000000000054cc
#
# JRE version: Java(TM) SE Runtime Environment (8.0_144-b01) (build 1.8.0_144-b01)
# Java VM: Java HotSpot(TM) 64-Bit Server VM (25.144-b01 mixed mode windows-amd64 compressed oops)
# Failed to write core dump. Minidumps are not enabled by default on client versions of Windows
#

---------------  T H R E A D  ---------------

Current thread (0x0000000017658000):  JavaThread "C2 CompilerThread1" daemon [_thread_in_native, id=21708, stack(0x0000000018da0000,0x0000000018ea0000)]

Stack: [0x0000000018da0000,0x0000000018ea0000]
[error occurred during error reporting (printing stack bounds), id 0xc0000005]

Native frames: (J=compiled Java code, j=interpreted, Vv=VM code, C=native code)


Current CompileTask:
C2:   8632 5367   !   4       org.springframework.core.annotation.AnnotationsScanner::processMethodHierarchy (286 bytes)


---------------  P R O C E S S  ---------------

Java Threads: ( => current thread )
  0x000000001d5aa800 JavaThread "HikariPool-1 connection closer" daemon [_thread_in_Java, id=5068, stack(0x0000000019eb0000,0x0000000019fb0000)]
  0x000000001d5ac000 JavaThread "mysql-cj-abandoned-connection-cleanup" daemon [_thread_blocked, id=6012, stack(0x000000001fb30000,0x000000001fc30000)]
  0x0000000018fcd000 JavaThread "Service Thread" daemon [_thread_blocked, id=22568, stack(0x00000000193a0000,0x00000000194a0000)]
  0x000000001765d000 JavaThread "C1 CompilerThread2" daemon [_thread_blocked, id=12048, stack(0x0000000018ea0000,0x0000000018fa0000)]
=>0x0000000017658000 JavaThread "C2 CompilerThread1" daemon [_thread_in_native, id=21708, stack(0x0000000018da0000,0x0000000018ea0000)]
  0x0000000017650800 JavaThread "C2 CompilerThread0" daemon [_thread_in_native, id=18016, stack(0x0000000018ca0000,0x0000000018da0000)]
  0x000000001764e800 JavaThread "Attach Listener" daemon [_thread_blocked, id=12484, stack(0x0000000018ba0000,0x0000000018ca0000)]
  0x000000001764d800 JavaThread "Signal Dispatcher" daemon [_thread_blocked, id=13808, stack(0x0000000018aa0000,0x0000000018ba0000)]
  0x000000001763a800 JavaThread "Finalizer" daemon [_thread_blocked, id=13132, stack(0x00000000188a0000,0x00000000189a0000)]
  0x00000000029f3000 JavaThread "Reference Handler" daemon [_thread_blocked, id=1424, stack(0x00000000187a0000,0x00000000188a0000)]
  0x0000000002904000 JavaThread "main" [_thread_blocked, id=15296, stack(0x00000000010d0000,0x00000000011d0000)]

Other Threads:
  0x0000000017617000 VMThread [stack: 0x00000000186a0000,0x00000000187a0000] [id=4104]
  0x0000000018fea800 WatcherThread [stack: 0x00000000195b0000,0x00000000196b0000] [id=10120]

VM state:not at safepoint (normal execution)

VM Mutex/Monitor currently owned by a thread: None

Heap:
 PSYoungGen      total 196096K, used 55633K [0x00000000d5980000, 0x00000000e3080000, 0x0000000100000000)
  eden space 178176K, 21% used [0x00000000d5980000,0x00000000d7faff58,0x00000000e0780000)
  from space 17920K, 92% used [0x00000000e1b00000,0x00000000e2b24608,0x00000000e2c80000)
  to   space 19968K, 0% used [0x00000000e0780000,0x00000000e0780000,0x00000000e1b00000)
 ParOldGen       total 61952K, used 21094K [0x0000000080c00000, 0x0000000084880000, 0x00000000d5980000)
  object space 61952K, 34% used [0x0000000080c00000,0x0000000082099a58,0x0000000084880000)
 Metaspace       used 55780K, capacity 59030K, committed 59096K, reserved 1099776K
  class space    used 7666K, capacity 8178K, committed 8192K, reserved 1048576K

Card table byte_map: [0x0000000011e60000,0x0000000012260000] byte_map_base: 0x0000000011a5a000

Marking Bits: (ParMarkBitMap*) 0x00000000669dd850
 Begin Bits: [0x0000000012910000, 0x00000000148e0000)
 End Bits:   [0x00000000148e0000, 0x00000000168b0000)

Polling page: 0x0000000000fb0000

CodeCache: size=245760Kb used=17395Kb max_used=17395Kb free=228364Kb
 bounds [0x0000000002aa0000, 0x0000000003c10000, 0x0000000011aa0000]
 total_blobs=5743 nmethods=5213 adapters=441
 compilation: enabled

Compilation events (10 events):
Event: 8.561 Thread 0x000000001765d000 5668       2       org.springframework.boot.autoconfigure.condition.ConditionEvaluationReport::lambda$addNoMatchOutcomeToAncestors$1 (54 bytes)
Event: 8.561 Thread 0x000000001765d000 nmethod 5668 0x00000000031c53d0 code [0x00000000031c55c0, 0x00000000031c5c38]
Event: 8.563 Thread 0x000000001765d000 5669       1       org.springframework.boot.autoconfigure.condition.ConditionEvaluationReport$ConditionAndOutcome::getOutcome (5 bytes)
Event: 8.563 Thread 0x000000001765d000 nmethod 5669 0x00000000031c5110 code [0x00000000031c5260, 0x00000000031c5370]
Event: 8.564 Thread 0x000000001765d000 5671       2       java.util.TreeMap::forEach (58 bytes)
Event: 8.565 Thread 0x000000001765d000 nmethod 5671 0x00000000031c4890 code [0x00000000031c4a40, 0x00000000031c4e38]
Event: 8.565 Thread 0x000000001765d000 5672 %     3       java.util.TreeMap::forEach @ 15 (58 bytes)
Event: 8.566 Thread 0x000000001765d000 nmethod 5672% 0x00000000031c3b50 code [0x00000000031c3d20, 0x00000000031c44d8]
Event: 8.566 Thread 0x000000001765d000 5673       3       java.util.TreeMap::forEach (58 bytes)
Event: 8.566 Thread 0x000000001765d000 nmethod 5673 0x0000000002c39610 code [0x0000000002c397e0, 0x0000000002c39f18]

GC Heap History (10 events):
Event: 3.697 GC heap before
{Heap before GC invocations=8 (full 1):
 PSYoungGen      total 108032K, used 107516K [0x00000000d5980000, 0x00000000dcf80000, 0x0000000100000000)
  eden space 98304K, 100% used [0x00000000d5980000,0x00000000db980000,0x00000000db980000)
  from space 9728K, 94% used [0x00000000dc500000,0x00000000dcdff108,0x00000000dce80000)
  to   space 11264K, 0% used [0x00000000db980000,0x00000000db980000,0x00000000dc480000)
 ParOldGen       total 61952K, used 8220K [0x0000000080c00000, 0x0000000084880000, 0x00000000d5980000)
  object space 61952K, 13% used [0x0000000080c00000,0x0000000081407220,0x0000000084880000)
 Metaspace       used 31354K, capacity 33126K, committed 33408K, reserved 1079296K
  class space    used 4095K, capacity 4405K, committed 4480K, reserved 1048576K
Event: 3.708 GC heap after
Heap after GC invocations=8 (full 1):
 PSYoungGen      total 109568K, used 10498K [0x00000000d5980000, 0x00000000dfd80000, 0x0000000100000000)
  eden space 98304K, 0% used [0x00000000d5980000,0x00000000d5980000,0x00000000db980000)
  from space 11264K, 93% used [0x00000000db980000,0x00000000dc3c09a0,0x00000000dc480000)
  to   space 12800K, 0% used [0x00000000df100000,0x00000000df100000,0x00000000dfd80000)
 ParOldGen       total 61952K, used 8228K [0x0000000080c00000, 0x0000000084880000, 0x00000000d5980000)
  object space 61952K, 13% used [0x0000000080c00000,0x0000000081409220,0x0000000084880000)
 Metaspace       used 31354K, capacity 33126K, committed 33408K, reserved 1079296K
  class space    used 4095K, capacity 4405K, committed 4480K, reserved 1048576K
}
Event: 4.164 GC heap before
{Heap before GC invocations=9 (full 1):
 PSYoungGen      total 109568K, used 43403K [0x00000000d5980000, 0x00000000dfd80000, 0x0000000100000000)
  eden space 98304K, 33% used [0x00000000d5980000,0x00000000d79a2280,0x00000000db980000)
  from space 11264K, 93% used [0x00000000db980000,0x00000000dc3c09a0,0x00000000dc480000)
  to   space 12800K, 0% used [0x00000000df100000,0x00000000df100000,0x00000000dfd80000)
 ParOldGen       total 61952K, used 8228K [0x0000000080c00000, 0x0000000084880000, 0x00000000d5980000)
  object space 61952K, 13% used [0x0000000080c00000,0x0000000081409220,0x0000000084880000)
 Metaspace       used 33621K, capacity 35404K, committed 35456K, reserved 1079296K
  class space    used 4352K, capacity 4686K, committed 4736K, reserved 1048576K
Event: 4.182 GC heap after
Heap after GC invocations=9 (full 1):
 PSYoungGen      total 154624K, used 10071K [0x00000000d5980000, 0x00000000e0700000, 0x0000000100000000)
  eden space 141824K, 0% used [0x00000000d5980000,0x00000000d5980000,0x00000000de400000)
  from space 12800K, 78% used [0x00000000df100000,0x00000000dfad5da8,0x00000000dfd80000)
  to   space 13312K, 0% used [0x00000000de400000,0x00000000de400000,0x00000000df100000)
 ParOldGen       total 61952K, used 8228K [0x0000000080c00000, 0x0000000084880000, 0x00000000d5980000)
  object space 61952K, 13% used [0x0000000080c00000,0x0000000081409220,0x0000000084880000)
 Metaspace       used 33621K, capacity 35404K, committed 35456K, reserved 1079296K
  class space    used 4352K, capacity 4686K, committed 4736K, reserved 1048576K
}
Event: 4.182 GC heap before
{Heap before GC invocations=10 (full 2):
 PSYoungGen      total 154624K, used 10071K [0x00000000d5980000, 0x00000000e0700000, 0x0000000100000000)
  eden space 141824K, 0% used [0x00000000d5980000,0x00000000d5980000,0x00000000de400000)
  from space 12800K, 78% used [0x00000000df100000,0x00000000dfad5da8,0x00000000dfd80000)
  to   space 13312K, 0% used [0x00000000de400000,0x00000000de400000,0x00000000df100000)
 ParOldGen       total 61952K, used 8228K [0x0000000080c00000, 0x0000000084880000, 0x00000000d5980000)
  object space 61952K, 13% used [0x0000000080c00000,0x0000000081409220,0x0000000084880000)
 Metaspace       used 33621K, capacity 35404K, committed 35456K, reserved 1079296K
  class space    used 4352K, capacity 4686K, committed 4736K, reserved 1048576K
Event: 4.251 GC heap after
Heap after GC invocations=10 (full 2):
 PSYoungGen      total 154624K, used 0K [0x00000000d5980000, 0x00000000e0700000, 0x0000000100000000)
  eden space 141824K, 0% used [0x00000000d5980000,0x00000000d5980000,0x00000000de400000)
  from space 12800K, 0% used [0x00000000df100000,0x00000000df100000,0x00000000dfd80000)
  to   space 13312K, 0% used [0x00000000de400000,0x00000000de400000,0x00000000df100000)
 ParOldGen       total 61952K, used 14085K [0x0000000080c00000, 0x0000000084880000, 0x00000000d5980000)
  object space 61952K, 22% used [0x0000000080c00000,0x00000000819c1420,0x0000000084880000)
 Metaspace       used 33621K, capacity 35404K, committed 35456K, reserved 1079296K
  class space    used 4352K, capacity 4686K, committed 4736K, reserved 1048576K
}
Event: 6.914 GC heap before
{Heap before GC invocations=11 (full 2):
 PSYoungGen      total 154624K, used 141824K [0x00000000d5980000, 0x00000000e0700000, 0x0000000100000000)
  eden space 141824K, 100% used [0x00000000d5980000,0x00000000de400000,0x00000000de400000)
  from space 12800K, 0% used [0x00000000df100000,0x00000000df100000,0x00000000dfd80000)
  to   space 13312K, 0% used [0x00000000de400000,0x00000000de400000,0x00000000df100000)
 ParOldGen       total 61952K, used 14085K [0x0000000080c00000, 0x0000000084880000, 0x00000000d5980000)
  object space 61952K, 22% used [0x0000000080c00000,0x00000000819c1420,0x0000000084880000)
 Metaspace       used 51388K, capacity 53844K, committed 54144K, reserved 1095680K
  class space    used 7007K, capacity 7440K, committed 7552K, reserved 1048576K
Event: 6.935 GC heap after
Heap after GC invocations=11 (full 2):
 PSYoungGen      total 155136K, used 13297K [0x00000000d5980000, 0x00000000e2c80000, 0x0000000100000000)
  eden space 141824K, 0% used [0x00000000d5980000,0x00000000d5980000,0x00000000de400000)
  from space 13312K, 99% used [0x00000000de400000,0x00000000df0fc6a0,0x00000000df100000)
  to   space 17920K, 0% used [0x00000000e1b00000,0x00000000e1b00000,0x00000000e2c80000)
 ParOldGen       total 61952K, used 21086K [0x0000000080c00000, 0x0000000084880000, 0x00000000d5980000)
  object space 61952K, 34% used [0x0000000080c00000,0x0000000082097a58,0x0000000084880000)
 Metaspace       used 51388K, capacity 53844K, committed 54144K, reserved 1095680K
  class space    used 7007K, capacity 7440K, committed 7552K, reserved 1048576K
}
Event: 8.343 GC heap before
{Heap before GC invocations=12 (full 2):
 PSYoungGen      total 155136K, used 155121K [0x00000000d5980000, 0x00000000e2c80000, 0x0000000100000000)
  eden space 141824K, 100% used [0x00000000d5980000,0x00000000de400000,0x00000000de400000)
  from space 13312K, 99% used [0x00000000de400000,0x00000000df0fc6a0,0x00000000df100000)
  to   space 17920K, 0% used [0x00000000e1b00000,0x00000000e1b00000,0x00000000e2c80000)
 ParOldGen       total 61952K, used 21086K [0x0000000080c00000, 0x0000000084880000, 0x00000000d5980000)
  object space 61952K, 34% used [0x0000000080c00000,0x0000000082097a58,0x0000000084880000)
 Metaspace       used 54927K, capacity 58056K, committed 58240K, reserved 1099776K
  class space    used 7537K, capacity 8046K, committed 8064K, reserved 1048576K
Event: 8.367 GC heap after
Heap after GC invocations=12 (full 2):
 PSYoungGen      total 196096K, used 16529K [0x00000000d5980000, 0x00000000e3080000, 0x0000000100000000)
  eden space 178176K, 0% used [0x00000000d5980000,0x00000000d5980000,0x00000000e0780000)
  from space 17920K, 92% used [0x00000000e1b00000,0x00000000e2b24608,0x00000000e2c80000)
  to   space 19968K, 0% used [0x00000000e0780000,0x00000000e0780000,0x00000000e1b00000)
 ParOldGen       total 61952K, used 21094K [0x0000000080c00000, 0x0000000084880000, 0x00000000d5980000)
  object space 61952K, 34% used [0x0000000080c00000,0x0000000082099a58,0x0000000084880000)
 Metaspace       used 54927K, capacity 58056K, committed 58240K, reserved 1099776K
  class space    used 7537K, capacity 8046K, committed 8064K, reserved 1048576K
}

Deoptimization events (10 events):
Event: 7.846 Thread 0x0000000002904000 Uncommon trap: reason=class_check action=maybe_recompile pc=0x0000000003bb2294 method=org.springframework.core.annotation.AnnotationsScanner.processMethodHierarchy(Ljava/lang/Object;[ILjava/lang/Class;Lorg/springframework/core/annotation/AnnotationsProces
Event: 7.849 Thread 0x0000000002904000 Uncommon trap: reason=class_check action=maybe_recompile pc=0x0000000003bb2294 method=org.springframework.core.annotation.AnnotationsScanner.processMethodHierarchy(Ljava/lang/Object;[ILjava/lang/Class;Lorg/springframework/core/annotation/AnnotationsProces
Event: 7.849 Thread 0x0000000002904000 Uncommon trap: reason=class_check action=maybe_recompile pc=0x0000000003bb2294 method=org.springframework.core.annotation.AnnotationsScanner.processMethodHierarchy(Ljava/lang/Object;[ILjava/lang/Class;Lorg/springframework/core/annotation/AnnotationsProces
Event: 7.902 Thread 0x0000000002904000 Uncommon trap: reason=unstable_if action=reinterpret pc=0x0000000002ea9420 method=java.util.concurrent.ConcurrentHashMap.transfer([Ljava/util/concurrent/ConcurrentHashMap$Node;[Ljava/util/concurrent/ConcurrentHashMap$Node;)V @ 356
Event: 7.902 Thread 0x0000000002904000 Uncommon trap: reason=unstable_if action=reinterpret pc=0x0000000002e7cde4 method=java.util.concurrent.ConcurrentHashMap.transfer([Ljava/util/concurrent/ConcurrentHashMap$Node;[Ljava/util/concurrent/ConcurrentHashMap$Node;)V @ 356
Event: 8.055 Thread 0x0000000002904000 Uncommon trap: reason=unstable_if action=reinterpret pc=0x00000000036b6110 method=org.springframework.core.annotation.AnnotationsScanner.isWithoutHierarchy(Ljava/lang/reflect/AnnotatedElement;Lorg/springframework/core/annotation/MergedAnnotations$SearchSt
Event: 8.133 Thread 0x0000000002904000 Uncommon trap: reason=unstable_if action=reinterpret pc=0x00000000036d2e7c method=org.springframework.core.annotation.TypeMappedAnnotations$IsPresent.doWithAnnotations(Ljava/lang/Object;ILjava/lang/Object;[Ljava/lang/annotation/Annotation;)Ljava/lang/Bool
Event: 8.467 Thread 0x0000000002904000 Uncommon trap: reason=class_check action=maybe_recompile pc=0x000000000358366c method=java.lang.reflect.Method.equals(Ljava/lang/Object;)Z @ 5
Event: 8.471 Thread 0x0000000002904000 Uncommon trap: reason=unstable_if action=reinterpret pc=0x0000000002eb3998 method=java.lang.String.concat(Ljava/lang/String;)Ljava/lang/String; @ 6
Event: 8.568 Thread 0x0000000002904000 Uncommon trap: reason=unstable_if action=reinterpret pc=0x0000000003a59958 method=org.springframework.util.ConcurrentReferenceHashMap$Segment.clear()V @ 7

Internal exceptions (10 events):
Event: 8.540 Thread 0x0000000002904000 Exception <a 'java/lang/ClassNotFoundException': org/springframework/transaction/TransactionDefinitionCustomizer> (0x00000000d741f918) thrown at [C:\re\workspace\8-2-build-windows-amd64-cygwin\jdk8u144\9417\hotspot\src\share\vm\classfile\systemDictionary.
Event: 8.540 Thread 0x0000000002904000 Exception <a 'java/lang/ClassNotFoundException': java/lang/ObjectCustomizer> (0x00000000d743b9e0) thrown at [C:\re\workspace\8-2-build-windows-amd64-cygwin\jdk8u144\9417\hotspot\src\share\vm\classfile\systemDictionary.cpp, line 210]
Event: 8.541 Thread 0x0000000002904000 Exception <a 'java/lang/ClassNotFoundException': org/springframework/boot/autoconfigure/web/client/RestTemplateAutoConfigurationCustomizer> (0x00000000d745abb0) thrown at [C:\re\workspace\8-2-build-windows-amd64-cygwin\jdk8u144\9417\hotspot\src\share\vm\c
Event: 8.544 Thread 0x0000000002904000 Exception <a 'java/lang/ClassNotFoundException': org/springframework/boot/web/client/RestTemplateBuilderBeanInfo> (0x00000000d74aafb8) thrown at [C:\re\workspace\8-2-build-windows-amd64-cygwin\jdk8u144\9417\hotspot\src\share\vm\classfile\systemDictionary.
Event: 8.544 Thread 0x0000000002904000 Exception <a 'java/lang/ClassNotFoundException': org/springframework/boot/web/client/RestTemplateBuilderCustomizer> (0x00000000d74c0948) thrown at [C:\re\workspace\8-2-build-windows-amd64-cygwin\jdk8u144\9417\hotspot\src\share\vm\classfile\systemDictionar
Event: 8.545 Thread 0x0000000002904000 Exception <a 'java/lang/ClassNotFoundException': java/lang/ObjectCustomizer> (0x00000000d7507a68) thrown at [C:\re\workspace\8-2-build-windows-amd64-cygwin\jdk8u144\9417\hotspot\src\share\vm\classfile\systemDictionary.cpp, line 210]
Event: 8.545 Thread 0x0000000002904000 Exception <a 'java/lang/ClassNotFoundException': org/springframework/boot/autoconfigure/web/embedded/EmbeddedWebServerFactoryCustomizerAutoConfigurationCustomizer> (0x00000000d752c6c8) thrown at [C:\re\workspace\8-2-build-windows-amd64-cygwin\jdk8u144\941
Event: 8.546 Thread 0x0000000002904000 Exception <a 'java/lang/ClassNotFoundException': java/lang/ObjectCustomizer> (0x00000000d7538858) thrown at [C:\re\workspace\8-2-build-windows-amd64-cygwin\jdk8u144\9417\hotspot\src\share\vm\classfile\systemDictionary.cpp, line 210]
Event: 8.546 Thread 0x0000000002904000 Exception <a 'java/lang/ClassNotFoundException': org/springframework/web/multipart/support/StandardServletMultipartResolverCustomizer> (0x00000000d7556a50) thrown at [C:\re\workspace\8-2-build-windows-amd64-cygwin\jdk8u144\9417\hotspot\src\share\vm\classf
Event: 8.546 Thread 0x0000000002904000 Exception <a 'java/lang/ClassNotFoundException': org/springframework/web/multipart/MultipartResolverCustomizer> (0x00000000d75717b0) thrown at [C:\re\workspace\8-2-build-windows-amd64-cygwin\jdk8u144\9417\hotspot\src\share\vm\classfile\systemDictionary.cp

Events (10 events):
Event: 8.560 loading class org/springframework/boot/autoconfigure/condition/ConditionEvaluationReport done
Event: 8.560 loading class org/springframework/boot/autoconfigure/condition/ConditionEvaluationReport$ConditionAndOutcomes
Event: 8.560 loading class org/springframework/boot/autoconfigure/condition/ConditionEvaluationReport$ConditionAndOutcomes done
Event: 8.567 Thread 0x0000000002904000 DEOPT PACKING pc=0x00000000031c4cc8 sp=0x00000000011ceba0
Event: 8.567 Thread 0x0000000002904000 DEOPT UNPACKING pc=0x0000000002ae787f sp=0x00000000011ce900 mode 0
Event: 8.567 Thread 0x0000000002904000 Uncommon trap: trap_request=0xffffff65 fr.pc=0x0000000003a59958
Event: 8.568 Thread 0x0000000002904000 DEOPT PACKING pc=0x0000000003a59958 sp=0x00000000011cee10
Event: 8.568 Thread 0x0000000002904000 DEOPT UNPACKING pc=0x0000000002ae582a sp=0x00000000011ceda8 mode 2
Event: 8.586 loading class org/springframework/context/support/LiveBeansView
Event: 8.586 loading class org/springframework/context/support/LiveBeansView done


Dynamic libraries:
0x00007ff66bf00000 - 0x00007ff66bf37000 	E:\Programme\jre\bin\javaw.exe
0x00007ffbc84e0000 - 0x00007ffbc868d000 	C:\Windows\SYSTEM32\ntdll.dll
0x00007ffbc5d20000 - 0x00007ffbc5e5f000 	C:\Windows\system32\KERNEL32.DLL
0x00007ffbc5910000 - 0x00007ffbc5a25000 	C:\Windows\system32\KERNELBASE.dll
0x00007ffbc41a0000 - 0x00007ffbc422e000 	C:\Windows\system32\apphelp.dll
0x00007ffb911c0000 - 0x00007ffb91215000 	C:\Windows\AppPatch\AppPatch64\AcGenral.DLL
0x00007ffbc8220000 - 0x00007ffbc82ca000 	C:\Windows\system32\msvcrt.dll
0x00007ffbc5700000 - 0x00007ffbc572e000 	C:\Windows\system32\SspiCli.dll
0x00007ffbc8440000 - 0x00007ffbc8494000 	C:\Windows\system32\SHLWAPI.dll
0x00007ffbc80a0000 - 0x00007ffbc8217000 	C:\Windows\system32\USER32.dll
0x00007ffbc7db0000 - 0x00007ffbc7f44000 	C:\Windows\system32\ole32.dll
0x00007ffbc6880000 - 0x00007ffbc7daa000 	C:\Windows\system32\SHELL32.dll
0x00007ffbc4c20000 - 0x00007ffbc4c41000 	C:\Windows\SYSTEM32\USERENV.dll
0x00007ffbc6320000 - 0x00007ffbc63ca000 	C:\Windows\system32\ADVAPI32.dll
0x00007ffbb3480000 - 0x00007ffbb349e000 	C:\Windows\SYSTEM32\MPR.dll
0x00007ffbc6440000 - 0x00007ffbc6580000 	C:\Windows\system32\RPCRT4.dll
0x00007ffbc6800000 - 0x00007ffbc6859000 	C:\Windows\SYSTEM32\sechost.dll
0x00007ffbc5f20000 - 0x00007ffbc6130000 	C:\Windows\SYSTEM32\combase.dll
0x00007ffbc7f50000 - 0x00007ffbc809c000 	C:\Windows\system32\GDI32.dll
0x00007ffbc55e0000 - 0x00007ffbc55f5000 	C:\Windows\SYSTEM32\profapi.dll
0x00007ffbc3b60000 - 0x00007ffbc3c12000 	C:\Windows\SYSTEM32\SHCORE.dll
0x00007ffbc67c0000 - 0x00007ffbc67f6000 	C:\Windows\system32\IMM32.DLL
0x00007ffbc82d0000 - 0x00007ffbc8422000 	C:\Windows\system32\MSCTF.dll
0x00007ffbc3260000 - 0x00007ffbc34db000 	C:\Windows\WinSxS\amd64_microsoft.windows.common-controls_6595b64144ccf1df_6.0.9600.19394_none_62486577ecb635cf\COMCTL32.dll
0x0000000065cf0000 - 0x0000000065dc2000 	E:\Programme\jre\bin\msvcr100.dll
0x00000000661c0000 - 0x0000000066a5d000 	E:\Programme\jre\bin\server\jvm.dll
0x00007ffbb4270000 - 0x00007ffbb4279000 	C:\Windows\SYSTEM32\WSOCK32.dll
0x00007ffbc0910000 - 0x00007ffbc0932000 	C:\Windows\SYSTEM32\WINMM.dll
0x00007ffbc3c20000 - 0x00007ffbc3c2a000 	C:\Windows\SYSTEM32\VERSION.dll
0x00007ffbc84a0000 - 0x00007ffbc84a7000 	C:\Windows\system32\PSAPI.DLL
0x00007ffbc6580000 - 0x00007ffbc65da000 	C:\Windows\system32\WS2_32.dll
0x00007ffbc0660000 - 0x00007ffbc068a000 	C:\Windows\SYSTEM32\WINMMBASE.dll
0x00007ffbc8430000 - 0x00007ffbc8439000 	C:\Windows\system32\NSI.dll
0x00007ffbc56b0000 - 0x00007ffbc56ff000 	C:\Windows\SYSTEM32\cfgmgr32.dll
0x00007ffbc43f0000 - 0x00007ffbc4418000 	C:\Windows\SYSTEM32\DEVOBJ.dll
0x0000000067060000 - 0x000000006706f000 	E:\Programme\jre\bin\verify.dll
0x0000000067030000 - 0x0000000067059000 	E:\Programme\jre\bin\java.dll
0x0000000067010000 - 0x0000000067026000 	E:\Programme\jre\bin\zip.dll
0x0000000066ec0000 - 0x0000000066ecd000 	E:\Programme\JRE\bin\management.dll
0x0000000066ff0000 - 0x000000006700a000 	E:\Programme\JRE\bin\net.dll
0x00007ffbc4ee0000 - 0x00007ffbc4f39000 	C:\Windows\system32\mswsock.dll
0x00007ffbb3ca0000 - 0x00007ffbb3cb5000 	C:\Windows\system32\napinsp.dll
0x00007ffbb3c80000 - 0x00007ffbb3c9a000 	C:\Windows\system32\pnrpnsp.dll
0x00007ffbbfaf0000 - 0x00007ffbbfb0b000 	C:\Windows\system32\NLAapi.dll
0x00007ffbc4ce0000 - 0x00007ffbc4d84000 	C:\Windows\SYSTEM32\DNSAPI.dll
0x00007ffbb3c70000 - 0x00007ffbb3c7d000 	C:\Windows\System32\winrnr.dll
0x00007ffbb3c20000 - 0x00007ffbb3c2a000 	C:\Windows\System32\rasadhlp.dll
0x00007ffbbdf40000 - 0x00007ffbbdf6a000 	C:\Windows\SYSTEM32\IPHLPAPI.DLL
0x00007ffbbf510000 - 0x00007ffbbf51a000 	C:\Windows\SYSTEM32\WINNSI.DLL
0x00007ffbbdb00000 - 0x00007ffbbdb6b000 	C:\Windows\System32\fwpuclnt.dll
0x0000000066fd0000 - 0x0000000066fe1000 	E:\Programme\JRE\bin\nio.dll
0x00007ffbc4f40000 - 0x00007ffbc4f60000 	C:\Windows\SYSTEM32\CRYPTSP.dll
0x00007ffbc4b10000 - 0x00007ffbc4b46000 	C:\Windows\system32\rsaenh.dll
0x00007ffbc5190000 - 0x00007ffbc51b6000 	C:\Windows\SYSTEM32\bcrypt.dll
0x00007ffbc54b0000 - 0x00007ffbc5513000 	C:\Windows\system32\bcryptprimitives.dll
0x00007ffbc5520000 - 0x00007ffbc552b000 	C:\Windows\SYSTEM32\CRYPTBASE.dll
0x00007ffbbda20000 - 0x00007ffbbda36000 	C:\Windows\SYSTEM32\dhcpcsvc6.DLL
0x00007ffbbdbe0000 - 0x00007ffbbdbfa000 	C:\Windows\SYSTEM32\dhcpcsvc.DLL

VM Arguments:
jvm_args: -Dfile.encoding=UTF-8 
java_command: fr.formation.NcdzApplication
java_class_path (initial): E:\Programmation\Projet\Projet_Java\Formation\ProjetFinal\ncdz\ncdz-boot\target\classes;C:\Users\Olyveur\.m2\repository\org\springframework\boot\spring-boot-starter-data-jpa\2.2.7.RELEASE\spring-boot-starter-data-jpa-2.2.7.RELEASE.jar;C:\Users\Olyveur\.m2\repository\org\springframework\boot\spring-boot-starter-aop\2.2.7.RELEASE\spring-boot-starter-aop-2.2.7.RELEASE.jar;C:\Users\Olyveur\.m2\repository\org\springframework\spring-aop\5.2.6.RELEASE\spring-aop-5.2.6.RELEASE.jar;C:\Users\Olyveur\.m2\repository\org\aspectj\aspectjweaver\1.9.5\aspectjweaver-1.9.5.jar;C:\Users\Olyveur\.m2\repository\org\springframework\boot\spring-boot-starter-jdbc\2.2.7.RELEASE\spring-boot-starter-jdbc-2.2.7.RELEASE.jar;C:\Users\Olyveur\.m2\repository\com\zaxxer\HikariCP\3.4.3\HikariCP-3.4.3.jar;C:\Users\Olyveur\.m2\repository\org\springframework\spring-jdbc\5.2.6.RELEASE\spring-jdbc-5.2.6.RELEASE.jar;C:\Users\Olyveur\.m2\repository\jakarta\persistence\jakarta.persistence-api\2.2.3\jakarta.persistence-api-2.2.3.jar;C:\Users\Olyveur\.m2\repository\jakarta\transaction\jakarta.transaction-api\1.3.3\jakarta.transaction-api-1.3.3.jar;C:\Users\Olyveur\.m2\repository\org\hibernate\hibernate-core\5.4.15.Final\hibernate-core-5.4.15.Final.jar;C:\Users\Olyveur\.m2\repository\org\jboss\logging\jboss-logging\3.4.1.Final\jboss-logging-3.4.1.Final.jar;C:\Users\Olyveur\.m2\repository\org\javassist\javassist\3.24.0-GA\javassist-3.24.0-GA.jar;C:\Users\Olyveur\.m2\repository\net\bytebuddy\byte-buddy\1.10.10\byte-buddy-1.10.10.jar;C:\Users\Olyveur\.m2\repository\antlr\antlr\2.7.7\antlr-2.7.7.jar;C:\Users\Olyveur\.m2\repository\org\jboss\jandex\2.1.3.Final\jandex-2.1.3.Final.jar;C:\Users\Olyveur\.m2\repository\com\fasterxml\classmate\1.5.1\classmate-1.5.1.jar;C:\Users\Olyveur\.m2\repository\org\dom4j\dom4j\2.1.3\dom4j-2.1.3.jar;C:\Users\Olyveur\.m2\repository\org\hibernate\common\hibernate-commons-annotations\5.1.0.Final\hibernate-commons-annotations-5.1.0.Final.jar;C:\Users\Olyveur
Launcher Type: SUN_STANDARD

Environment Variables:
JAVA_HOME=C:\Program Files\Java\jdk1.8.0_221
PATH=E:/Programme/JRE/bin/server;E:/Programme/JRE/bin;E:/Programme/JRE/lib/amd64;E:\Programme\Oracle\app\oracle\product\11.2.0\server\bin;;C:\Program Files (x86)\Common Files\Oracle\Java\javapath;C:\ProgramData\Oracle\Java\javapath;C:\Windows\system32;C:\Windows;C:\Windows\System32\Wbem;C:\Windows\System32\WindowsPowerShell\v1.0\;C:\Program Files (x86)\NVIDIA Corporation\PhysX\Common;E:\Programmation\Apache_Maven\bin;E:\Programme\NodeJS\;C:\Users\Olyveur\AppData\Roaming\npm;C:\Users\Olyveur\AppData\Local\atom\bin;C:\Users\Olyveur\Desktop;
USERNAME=Olyveur
OS=Windows_NT
PROCESSOR_IDENTIFIER=Intel64 Family 6 Model 60 Stepping 3, GenuineIntel



---------------  S Y S T E M  ---------------

OS: Windows 8.1 , 64 bit Build 9600 (6.3.9600.19538)

CPU:total 4 (initial active 4) (4 cores per cpu, 1 threads per core) family 6 model 60 stepping 3, cmov, cx8, fxsr, mmx, sse, sse2, sse3, ssse3, sse4.1, sse4.2, popcnt, avx, avx2, aes, clmul, erms, lzcnt, tsc, tscinvbit, bmi1, bmi2

Memory: 4k page, physical 8339264k(862576k free), swap 11484992k(20488k free)

vm_info: Java HotSpot(TM) 64-Bit Server VM (25.144-b01) for windows-amd64 JRE (1.8.0_144-b01), built on Jul 21 2017 21:57:33 by "java_re" with MS VC++ 10.0 (VS2010)

time: Mon May 25 17:34:47 2020
elapsed time: 8 seconds (0d 0h 0m 8s)

